[17:21:56] [main/WARN]: Ambiguity between arguments [teleport, destination] and [teleport, targets] with inputs: [Player, 0123, @e, dd12be42-52a9-4a91-a8a1-11c01849e498]
[17:21:56] [main/WARN]: Ambiguity between arguments [teleport, location] and [teleport, destination] with inputs: [0.1 -0.5 .9, 0 0 0]
[17:21:56] [main/WARN]: Ambiguity between arguments [teleport, location] and [teleport, targets] with inputs: [0.1 -0.5 .9, 0 0 0]
[17:21:56] [main/WARN]: Ambiguity between arguments [teleport, targets] and [teleport, destination] with inputs: [Player, 0123, dd12be42-52a9-4a91-a8a1-11c01849e498]
[17:21:56] [main/WARN]: Ambiguity between arguments [teleport, targets, location] and [teleport, targets, destination] with inputs: [0.1 -0.5 .9, 0 0 0]
[17:21:56] [Server thread/INFO]: Starting minecraft server version 1.15.2
[17:21:56] [Server thread/INFO]: Loading properties
[17:21:56] [Server thread/INFO]: Default game type: SURVIVAL
[17:21:56] [Server thread/INFO]: Generating keypair
[17:21:57] [Server thread/INFO]: Starting Minecraft server on *:25565
[17:21:57] [Server thread/INFO]: Using epoll channel type
[17:21:57] [Server thread/INFO]: Preparing level "world"
[17:21:57] [Server thread/INFO]: Reloading ResourceManager: Default
[17:21:59] [Server thread/INFO]: Loaded 6 recipes
[17:22:00] [Server thread/INFO]: Loaded 825 advancements
[17:22:25] [Server thread/INFO]: Preparing start region for dimension minecraft:overworld
[17:22:26] [Server thread/INFO]: Preparing spawn area: 0%
[17:22:26] [Server thread/INFO]: Preparing spawn area: 0%
[17:22:26] [Server thread/INFO]: Preparing spawn area: 0%
[17:22:29] [Server-Worker-1/INFO]: Preparing spawn area: 62%
[17:22:29] [Server-Worker-1/INFO]: Preparing spawn area: 62%
[17:22:29] [Server-Worker-1/INFO]: Preparing spawn area: 62%
[17:22:29] [Server-Worker-1/INFO]: Preparing spawn area: 62%
[17:22:29] [Server thread/INFO]: Preparing spawn area: 62%
[17:22:29] [Server-Worker-1/INFO]: Preparing spawn area: 97%
[17:22:30] [Server thread/INFO]: Preparing spawn area: 97%
[17:22:30] [Server thread/INFO]: Time elapsed: 4956 ms
[17:22:30] [Server thread/INFO]: Done (33.302s)! For help, type "help"
[17:22:30] [Server thread/INFO]: Starting remote control listener
[17:22:30] [RCON Listener #1/INFO]: RCON running on 0.0.0.0:25575
[17:22:36] [User Authenticator #1/INFO]: UUID of player PastaFeeder is 107ad678-fefe-4fd1-b358-4bc8b4f88cd2
[17:22:36] [Server thread/INFO]: PastaFeeder[/81.99.216.122:14191] logged in with entity id 98 at (2818.1116847778885, 95.0, -681.1219960691151)
[17:22:38] [Server thread/INFO]: PastaFeeder joined the game
[18:29:05] [Server thread/INFO]: PastaFeeder lost connection: Disconnected
[18:29:05] [Server thread/INFO]: PastaFeeder left the game
[18:29:18] [Server thread/INFO]: Stopping the server
[18:29:18] [Server thread/INFO]: Stopping server
[18:29:18] [Server thread/INFO]: Saving players
[18:29:18] [Server thread/INFO]: Saving worlds
[18:29:18] [Server thread/INFO]: Saving chunks for level 'world'/minecraft:the_end
[18:29:18] [Server thread/INFO]: ThreadedAnvilChunkStorage (DIM1): All chunks are saved
[18:29:18] [Server thread/INFO]: Saving chunks for level 'world'/minecraft:the_nether
[18:29:18] [Server thread/INFO]: ThreadedAnvilChunkStorage (DIM-1): All chunks are saved
[18:29:18] [Server thread/INFO]: Saving chunks for level 'world'/minecraft:overworld
[18:29:18] [Server thread/INFO]: ThreadedAnvilChunkStorage (world): All chunks are saved
[18:29:18] [Server thread/INFO]: ThreadedAnvilChunkStorage (DIM1): All chunks are saved
[18:29:18] [Server thread/INFO]: ThreadedAnvilChunkStorage (DIM-1): All chunks are saved
[18:29:18] [Server thread/INFO]: ThreadedAnvilChunkStorage (world): All chunks are saved
