[15:16:11] [main/INFO]: Environment: authHost='https://authserver.mojang.com', accountsHost='https://api.mojang.com', sessionHost='https://sessionserver.mojang.com', name='PROD'
[15:16:12] [main/WARN]: Ambiguity between arguments [teleport, destination] and [teleport, targets] with inputs: [Player, 0123, @e, dd12be42-52a9-4a91-a8a1-11c01849e498]
[15:16:12] [main/WARN]: Ambiguity between arguments [teleport, location] and [teleport, destination] with inputs: [0.1 -0.5 .9, 0 0 0]
[15:16:12] [main/WARN]: Ambiguity between arguments [teleport, location] and [teleport, targets] with inputs: [0.1 -0.5 .9, 0 0 0]
[15:16:12] [main/WARN]: Ambiguity between arguments [teleport, targets] and [teleport, destination] with inputs: [Player, 0123, dd12be42-52a9-4a91-a8a1-11c01849e498]
[15:16:12] [main/WARN]: Ambiguity between arguments [teleport, targets, location] and [teleport, targets, destination] with inputs: [0.1 -0.5 .9, 0 0 0]
[15:16:12] [main/INFO]: Reloading ResourceManager: Default
[15:16:13] [Worker-Main-2/INFO]: Loaded 7 recipes
[15:16:13] [Worker-Main-2/INFO]: Loaded 927 advancements
[15:16:14] [Server thread/INFO]: Starting minecraft server version 1.16.1
[15:16:14] [Server thread/INFO]: Loading properties
[15:16:14] [Server thread/INFO]: Default game type: SURVIVAL
[15:16:14] [Server thread/INFO]: Generating keypair
[15:16:14] [Server thread/INFO]: Starting Minecraft server on *:25565
[15:16:14] [Server thread/INFO]: Using epoll channel type
[15:16:14] [Server thread/INFO]: Preparing level "world"
[15:16:14] [Server thread/INFO]: Preparing start region for dimension minecraft:overworld
[15:16:15] [Server thread/INFO]: Preparing spawn area: 0%
[15:16:15] [Server thread/INFO]: Preparing spawn area: 0%
[15:16:15] [Server thread/INFO]: Preparing spawn area: 0%
[15:16:18] [Server thread/INFO]: Preparing spawn area: 0%
[15:16:18] [Server thread/INFO]: Preparing spawn area: 0%
[15:16:18] [Server thread/INFO]: Preparing spawn area: 0%
[15:16:18] [Server thread/INFO]: Preparing spawn area: 0%
[15:16:18] [Server thread/INFO]: Preparing spawn area: 0%
[15:16:20] [Worker-Main-2/INFO]: Preparing spawn area: 83%
[15:16:20] [Worker-Main-2/INFO]: Preparing spawn area: 83%
[15:16:20] [Worker-Main-2/INFO]: Preparing spawn area: 83%
[15:16:20] [Worker-Main-2/INFO]: Preparing spawn area: 83%
[15:16:21] [Worker-Main-2/INFO]: Preparing spawn area: 83%
[15:16:21] [Server thread/INFO]: Preparing spawn area: 83%
[15:16:21] [Worker-Main-2/INFO]: Preparing spawn area: 99%
[15:16:21] [Server thread/INFO]: Time elapsed: 7527 ms
[15:16:21] [Server thread/INFO]: Done (7.645s)! For help, type "help"
[15:16:21] [Server thread/INFO]: Starting remote control listener
[15:16:21] [Server thread/INFO]: Thread RCON Listener started
[15:16:21] [RCON Listener #1/INFO]: RCON running on 0.0.0.0:25575
[15:19:08] [User Authenticator #1/INFO]: UUID of player PastaFeeder is 107ad678-fefe-4fd1-b358-4bc8b4f88cd2
[15:19:08] [Server thread/INFO]: PastaFeeder[/81.99.216.122:2147] logged in with entity id 101 at (2837.108930586087, 95.0, -670.988647711488)
[15:19:08] [Server thread/INFO]: PastaFeeder joined the game
[15:21:23] [Server thread/WARN]: PastaFeeder moved too quickly! 10.075535029855018,0.0,-4.129354358499313
[15:22:14] [Server thread/INFO]: PastaFeeder lost connection: Disconnected
[15:22:14] [Server thread/INFO]: PastaFeeder left the game
